cabal: Entering directory '/var/folders/75/jx0_m1kn3h1b6grbfph404580000gn/T/cabal-tmp-71383/attoparsec-0.13.2.2'
Configuring attoparsec-0.13.2.2...
clang: warning: argument unused during compilation: '-nopie' [-Wunused-command-line-argument]
Preprocessing library for attoparsec-0.13.2.2..
Building library for attoparsec-0.13.2.2..
[ 1 of 21] Compiling Data.Attoparsec.ByteString.FastSet ( Data/Attoparsec/ByteString/FastSet.hs, dist/dist-sandbox-3b735470/build/Data/Attoparsec/ByteString/FastSet.o )
[ 2 of 21] Compiling Data.Attoparsec.Internal.Fhthagn ( Data/Attoparsec/Internal/Fhthagn.hs, dist/dist-sandbox-3b735470/build/Data/Attoparsec/Internal/Fhthagn.o )
[ 3 of 21] Compiling Data.Attoparsec.ByteString.Buffer ( Data/Attoparsec/ByteString/Buffer.hs, dist/dist-sandbox-3b735470/build/Data/Attoparsec/ByteString/Buffer.o )
[ 4 of 21] Compiling Data.Attoparsec.Number ( Data/Attoparsec/Number.hs, dist/dist-sandbox-3b735470/build/Data/Attoparsec/Number.o )
[ 5 of 21] Compiling Data.Attoparsec.Text.Buffer ( Data/Attoparsec/Text/Buffer.hs, dist/dist-sandbox-3b735470/build/Data/Attoparsec/Text/Buffer.o )
[ 6 of 21] Compiling Data.Attoparsec.Internal.Types ( Data/Attoparsec/Internal/Types.hs, dist/dist-sandbox-3b735470/build/Data/Attoparsec/Internal/Types.o )
[ 7 of 21] Compiling Data.Attoparsec.Internal ( Data/Attoparsec/Internal.hs, dist/dist-sandbox-3b735470/build/Data/Attoparsec/Internal.o )
[ 8 of 21] Compiling Data.Attoparsec.Text.FastSet ( Data/Attoparsec/Text/FastSet.hs, dist/dist-sandbox-3b735470/build/Data/Attoparsec/Text/FastSet.o )
[ 9 of 21] Compiling Data.Attoparsec.Types ( Data/Attoparsec/Types.hs, dist/dist-sandbox-3b735470/build/Data/Attoparsec/Types.o )
[10 of 21] Compiling Data.Attoparsec.Zepto ( Data/Attoparsec/Zepto.hs, dist/dist-sandbox-3b735470/build/Data/Attoparsec/Zepto.o )
[11 of 21] Compiling Data.Attoparsec.Combinator ( Data/Attoparsec/Combinator.hs, dist/dist-sandbox-3b735470/build/Data/Attoparsec/Combinator.o )
[12 of 21] Compiling Data.Attoparsec.Text.Internal ( Data/Attoparsec/Text/Internal.hs, dist/dist-sandbox-3b735470/build/Data/Attoparsec/Text/Internal.o )
[13 of 21] Compiling Data.Attoparsec.Text ( Data/Attoparsec/Text.hs, dist/dist-sandbox-3b735470/build/Data/Attoparsec/Text.o )
[14 of 21] Compiling Data.Attoparsec.Text.Lazy ( Data/Attoparsec/Text/Lazy.hs, dist/dist-sandbox-3b735470/build/Data/Attoparsec/Text/Lazy.o )
[15 of 21] Compiling Data.Attoparsec.ByteString.Internal ( Data/Attoparsec/ByteString/Internal.hs, dist/dist-sandbox-3b735470/build/Data/Attoparsec/ByteString/Internal.o )
[16 of 21] Compiling Data.Attoparsec.ByteString ( Data/Attoparsec/ByteString.hs, dist/dist-sandbox-3b735470/build/Data/Attoparsec/ByteString.o )
[17 of 21] Compiling Data.Attoparsec.ByteString.Lazy ( Data/Attoparsec/ByteString/Lazy.hs, dist/dist-sandbox-3b735470/build/Data/Attoparsec/ByteString/Lazy.o )
[18 of 21] Compiling Data.Attoparsec.Lazy ( Data/Attoparsec/Lazy.hs, dist/dist-sandbox-3b735470/build/Data/Attoparsec/Lazy.o )
[19 of 21] Compiling Data.Attoparsec.ByteString.Char8 ( Data/Attoparsec/ByteString/Char8.hs, dist/dist-sandbox-3b735470/build/Data/Attoparsec/ByteString/Char8.o )
[20 of 21] Compiling Data.Attoparsec.Char8 ( Data/Attoparsec/Char8.hs, dist/dist-sandbox-3b735470/build/Data/Attoparsec/Char8.o )
[21 of 21] Compiling Data.Attoparsec  ( Data/Attoparsec.hs, dist/dist-sandbox-3b735470/build/Data/Attoparsec.o )
[ 1 of 21] Compiling Data.Attoparsec.ByteString.FastSet ( Data/Attoparsec/ByteString/FastSet.hs, dist/dist-sandbox-3b735470/build/Data/Attoparsec/ByteString/FastSet.p_o )
clang: warning: argument unused during compilation: '-nopie' [-Wunused-command-line-argument]
clang: warning: argument unused during compilation: '-nopie' [-Wunused-command-line-argument]
[ 2 of 21] Compiling Data.Attoparsec.Internal.Fhthagn ( Data/Attoparsec/Internal/Fhthagn.hs, dist/dist-sandbox-3b735470/build/Data/Attoparsec/Internal/Fhthagn.p_o )
clang: warning: argument unused during compilation: '-nopie' [-Wunused-command-line-argument]
clang: warning: argument unused during compilation: '-nopie' [-Wunused-command-line-argument]
[ 3 of 21] Compiling Data.Attoparsec.ByteString.Buffer ( Data/Attoparsec/ByteString/Buffer.hs, dist/dist-sandbox-3b735470/build/Data/Attoparsec/ByteString/Buffer.p_o )
clang: warning: argument unused during compilation: '-nopie' [-Wunused-command-line-argument]
clang: warning: argument unused during compilation: '-nopie' [-Wunused-command-line-argument]
[ 4 of 21] Compiling Data.Attoparsec.Number ( Data/Attoparsec/Number.hs, dist/dist-sandbox-3b735470/build/Data/Attoparsec/Number.p_o )
clang: warning: argument unused during compilation: '-nopie' [-Wunused-command-line-argument]
clang: warning: argument unused during compilation: '-nopie' [-Wunused-command-line-argument]
[ 5 of 21] Compiling Data.Attoparsec.Text.Buffer ( Data/Attoparsec/Text/Buffer.hs, dist/dist-sandbox-3b735470/build/Data/Attoparsec/Text/Buffer.p_o )
clang: warning: argument unused during compilation: '-nopie' [-Wunused-command-line-argument]
clang: warning: argument unused during compilation: '-nopie' [-Wunused-command-line-argument]
[ 6 of 21] Compiling Data.Attoparsec.Internal.Types ( Data/Attoparsec/Internal/Types.hs, dist/dist-sandbox-3b735470/build/Data/Attoparsec/Internal/Types.p_o )
clang: warning: argument unused during compilation: '-nopie' [-Wunused-command-line-argument]
clang: warning: argument unused during compilation: '-nopie' [-Wunused-command-line-argument]
[ 7 of 21] Compiling Data.Attoparsec.Internal ( Data/Attoparsec/Internal.hs, dist/dist-sandbox-3b735470/build/Data/Attoparsec/Internal.p_o )
clang: warning: argument unused during compilation: '-nopie' [-Wunused-command-line-argument]
clang: warning: argument unused during compilation: '-nopie' [-Wunused-command-line-argument]
[ 8 of 21] Compiling Data.Attoparsec.Text.FastSet ( Data/Attoparsec/Text/FastSet.hs, dist/dist-sandbox-3b735470/build/Data/Attoparsec/Text/FastSet.p_o )
clang: warning: argument unused during compilation: '-nopie' [-Wunused-command-line-argument]
clang: warning: argument unused during compilation: '-nopie' [-Wunused-command-line-argument]
[ 9 of 21] Compiling Data.Attoparsec.Types ( Data/Attoparsec/Types.hs, dist/dist-sandbox-3b735470/build/Data/Attoparsec/Types.p_o )
clang: warning: argument unused during compilation: '-nopie' [-Wunused-command-line-argument]
clang: warning: argument unused during compilation: '-nopie' [-Wunused-command-line-argument]
[10 of 21] Compiling Data.Attoparsec.Zepto ( Data/Attoparsec/Zepto.hs, dist/dist-sandbox-3b735470/build/Data/Attoparsec/Zepto.p_o )
clang: warning: argument unused during compilation: '-nopie' [-Wunused-command-line-argument]
clang: warning: argument unused during compilation: '-nopie' [-Wunused-command-line-argument]
[11 of 21] Compiling Data.Attoparsec.Combinator ( Data/Attoparsec/Combinator.hs, dist/dist-sandbox-3b735470/build/Data/Attoparsec/Combinator.p_o )
clang: warning: argument unused during compilation: '-nopie' [-Wunused-command-line-argument]
clang: warning: argument unused during compilation: '-nopie' [-Wunused-command-line-argument]
[12 of 21] Compiling Data.Attoparsec.Text.Internal ( Data/Attoparsec/Text/Internal.hs, dist/dist-sandbox-3b735470/build/Data/Attoparsec/Text/Internal.p_o )
clang: warning: argument unused during compilation: '-nopie' [-Wunused-command-line-argument]
clang: warning: argument unused during compilation: '-nopie' [-Wunused-command-line-argument]
[13 of 21] Compiling Data.Attoparsec.Text ( Data/Attoparsec/Text.hs, dist/dist-sandbox-3b735470/build/Data/Attoparsec/Text.p_o )
clang: warning: argument unused during compilation: '-nopie' [-Wunused-command-line-argument]
clang: warning: argument unused during compilation: '-nopie' [-Wunused-command-line-argument]
[14 of 21] Compiling Data.Attoparsec.Text.Lazy ( Data/Attoparsec/Text/Lazy.hs, dist/dist-sandbox-3b735470/build/Data/Attoparsec/Text/Lazy.p_o )
clang: warning: argument unused during compilation: '-nopie' [-Wunused-command-line-argument]
clang: warning: argument unused during compilation: '-nopie' [-Wunused-command-line-argument]
[15 of 21] Compiling Data.Attoparsec.ByteString.Internal ( Data/Attoparsec/ByteString/Internal.hs, dist/dist-sandbox-3b735470/build/Data/Attoparsec/ByteString/Internal.p_o )
clang: warning: argument unused during compilation: '-nopie' [-Wunused-command-line-argument]
clang: warning: argument unused during compilation: '-nopie' [-Wunused-command-line-argument]
[16 of 21] Compiling Data.Attoparsec.ByteString ( Data/Attoparsec/ByteString.hs, dist/dist-sandbox-3b735470/build/Data/Attoparsec/ByteString.p_o )
clang: warning: argument unused during compilation: '-nopie' [-Wunused-command-line-argument]
clang: warning: argument unused during compilation: '-nopie' [-Wunused-command-line-argument]
[17 of 21] Compiling Data.Attoparsec.ByteString.Lazy ( Data/Attoparsec/ByteString/Lazy.hs, dist/dist-sandbox-3b735470/build/Data/Attoparsec/ByteString/Lazy.p_o )
clang: warning: argument unused during compilation: '-nopie' [-Wunused-command-line-argument]
clang: warning: argument unused during compilation: '-nopie' [-Wunused-command-line-argument]
[18 of 21] Compiling Data.Attoparsec.Lazy ( Data/Attoparsec/Lazy.hs, dist/dist-sandbox-3b735470/build/Data/Attoparsec/Lazy.p_o )
clang: warning: argument unused during compilation: '-nopie' [-Wunused-command-line-argument]
clang: warning: argument unused during compilation: '-nopie' [-Wunused-command-line-argument]
[19 of 21] Compiling Data.Attoparsec.ByteString.Char8 ( Data/Attoparsec/ByteString/Char8.hs, dist/dist-sandbox-3b735470/build/Data/Attoparsec/ByteString/Char8.p_o )
clang: warning: argument unused during compilation: '-nopie' [-Wunused-command-line-argument]
clang: warning: argument unused during compilation: '-nopie' [-Wunused-command-line-argument]
[20 of 21] Compiling Data.Attoparsec.Char8 ( Data/Attoparsec/Char8.hs, dist/dist-sandbox-3b735470/build/Data/Attoparsec/Char8.p_o )
clang: warning: argument unused during compilation: '-nopie' [-Wunused-command-line-argument]
clang: warning: argument unused during compilation: '-nopie' [-Wunused-command-line-argument]
[21 of 21] Compiling Data.Attoparsec  ( Data/Attoparsec.hs, dist/dist-sandbox-3b735470/build/Data/Attoparsec.p_o )
clang: warning: argument unused during compilation: '-nopie' [-Wunused-command-line-argument]
clang: warning: argument unused during compilation: '-nopie' [-Wunused-command-line-argument]
ignoring (possibly broken) abi-depends field for packages
Preprocessing library for attoparsec-0.13.2.2..
Running Haddock on library for attoparsec-0.13.2.2..
Haddock coverage:
 100% (  2 /  2) in 'Data.Attoparsec.Number'
  60% (  6 / 10) in 'Data.Attoparsec.Internal.Types'
  Missing documentation for:
    State (Data/Attoparsec/Internal/Types.hs:118)
    Failure (Data/Attoparsec/Internal/Types.hs:122)
    Success (Data/Attoparsec/Internal/Types.hs:124)
    Pos (Data/Attoparsec/Internal/Types.hs:46)
 100% ( 10 / 10) in 'Data.Attoparsec.Internal'
 100% (  4 /  4) in 'Data.Attoparsec.Types'
  89% (  8 /  9) in 'Data.Attoparsec.Zepto'
  Missing documentation for:
    Parser (Data/Attoparsec/Zepto.hs:68)
 100% ( 24 / 24) in 'Data.Attoparsec.Combinator'
  98% ( 90 / 92) in 'Data.Attoparsec.Text'
  Missing documentation for:
    Parser (Data/Attoparsec/Text/Internal.hs:86)
    Result (Data/Attoparsec/Text/Internal.hs:87)
  99% ( 70 / 71) in 'Data.Attoparsec.Text.Lazy'
  Missing documentation for:
    Parser (Data/Attoparsec/Text/Internal.hs:86)
  97% ( 66 / 68) in 'Data.Attoparsec.ByteString'
  Missing documentation for:
    Parser (Data/Attoparsec/ByteString/Internal.hs:95)
    Result (Data/Attoparsec/ByteString/Internal.hs:96)
  98% ( 51 / 52) in 'Data.Attoparsec.ByteString.Lazy'
  Missing documentation for:
    Parser (Data/Attoparsec/ByteString/Internal.hs:95)
 100% (  2 /  2) in 'Data.Attoparsec.Lazy'
  98% ( 91 / 93) in 'Data.Attoparsec.ByteString.Char8'
  Missing documentation for:
    Parser (Data/Attoparsec/ByteString/Internal.hs:95)
    Result (Data/Attoparsec/ByteString/Internal.hs:96)
 100% (  2 /  2) in 'Data.Attoparsec.Char8'
 100% (  2 /  2) in 'Data.Attoparsec'
Documentation created:
dist/dist-sandbox-3b735470/doc/html/attoparsec/index.html
Installing library in /Users/rachelsunderland/Documents/BurgerStacker/.cabal-sandbox/lib/x86_64-osx-ghc-8.4.3/attoparsec-0.13.2.2-4Z8uH7Qwf3h4Q3UbkfAfXs
cabal: Leaving directory '/var/folders/75/jx0_m1kn3h1b6grbfph404580000gn/T/cabal-tmp-71383/attoparsec-0.13.2.2'
