cabal: Entering directory '/var/folders/75/jx0_m1kn3h1b6grbfph404580000gn/T/cabal-tmp-71384/comonad-5.0.4'
[1 of 1] Compiling Main             ( /var/folders/75/jx0_m1kn3h1b6grbfph404580000gn/T/cabal-tmp-71384/comonad-5.0.4/dist/dist-sandbox-3b735470/setup/setup.hs, /var/folders/75/jx0_m1kn3h1b6grbfph404580000gn/T/cabal-tmp-71384/comonad-5.0.4/dist/dist-sandbox-3b735470/setup/Main.o )
Linking /var/folders/75/jx0_m1kn3h1b6grbfph404580000gn/T/cabal-tmp-71384/comonad-5.0.4/dist/dist-sandbox-3b735470/setup/setup ...
Configuring comonad-5.0.4...
clang: warning: argument unused during compilation: '-nopie' [-Wunused-command-line-argument]
Preprocessing library for comonad-5.0.4..
Building library for comonad-5.0.4..
[ 1 of 15] Compiling Control.Comonad  ( src/Control/Comonad.hs, dist/dist-sandbox-3b735470/build/Control/Comonad.o )
[ 2 of 15] Compiling Control.Comonad.Hoist.Class ( src/Control/Comonad/Hoist/Class.hs, dist/dist-sandbox-3b735470/build/Control/Comonad/Hoist/Class.o )
[ 3 of 15] Compiling Control.Comonad.Trans.Class ( src/Control/Comonad/Trans/Class.hs, dist/dist-sandbox-3b735470/build/Control/Comonad/Trans/Class.o )
[ 4 of 15] Compiling Control.Comonad.Trans.Env ( src/Control/Comonad/Trans/Env.hs, dist/dist-sandbox-3b735470/build/Control/Comonad/Trans/Env.o )
[ 5 of 15] Compiling Control.Comonad.Trans.Identity ( src/Control/Comonad/Trans/Identity.hs, dist/dist-sandbox-3b735470/build/Control/Comonad/Trans/Identity.o )
[ 6 of 15] Compiling Control.Comonad.Identity ( src/Control/Comonad/Identity.hs, dist/dist-sandbox-3b735470/build/Control/Comonad/Identity.o )
[ 7 of 15] Compiling Control.Comonad.Trans.Store ( src/Control/Comonad/Trans/Store.hs, dist/dist-sandbox-3b735470/build/Control/Comonad/Trans/Store.o )
[ 8 of 15] Compiling Control.Comonad.Trans.Traced ( src/Control/Comonad/Trans/Traced.hs, dist/dist-sandbox-3b735470/build/Control/Comonad/Trans/Traced.o )
[ 9 of 15] Compiling Control.Comonad.Traced.Class ( src/Control/Comonad/Traced/Class.hs, dist/dist-sandbox-3b735470/build/Control/Comonad/Traced/Class.o )
[10 of 15] Compiling Control.Comonad.Traced ( src/Control/Comonad/Traced.hs, dist/dist-sandbox-3b735470/build/Control/Comonad/Traced.o )
[11 of 15] Compiling Control.Comonad.Store.Class ( src/Control/Comonad/Store/Class.hs, dist/dist-sandbox-3b735470/build/Control/Comonad/Store/Class.o )
[12 of 15] Compiling Control.Comonad.Store ( src/Control/Comonad/Store.hs, dist/dist-sandbox-3b735470/build/Control/Comonad/Store.o )
[13 of 15] Compiling Control.Comonad.Env.Class ( src/Control/Comonad/Env/Class.hs, dist/dist-sandbox-3b735470/build/Control/Comonad/Env/Class.o )
[14 of 15] Compiling Control.Comonad.Env ( src/Control/Comonad/Env.hs, dist/dist-sandbox-3b735470/build/Control/Comonad/Env.o )
[15 of 15] Compiling Data.Functor.Composition ( src/Data/Functor/Composition.hs, dist/dist-sandbox-3b735470/build/Data/Functor/Composition.o )
[ 1 of 15] Compiling Control.Comonad  ( src/Control/Comonad.hs, dist/dist-sandbox-3b735470/build/Control/Comonad.p_o )
clang: warning: argument unused during compilation: '-nopie' [-Wunused-command-line-argument]
clang: warning: argument unused during compilation: '-nopie' [-Wunused-command-line-argument]
[ 2 of 15] Compiling Control.Comonad.Hoist.Class ( src/Control/Comonad/Hoist/Class.hs, dist/dist-sandbox-3b735470/build/Control/Comonad/Hoist/Class.p_o )
clang: warning: argument unused during compilation: '-nopie' [-Wunused-command-line-argument]
clang: warning: argument unused during compilation: '-nopie' [-Wunused-command-line-argument]
[ 3 of 15] Compiling Control.Comonad.Trans.Class ( src/Control/Comonad/Trans/Class.hs, dist/dist-sandbox-3b735470/build/Control/Comonad/Trans/Class.p_o )
clang: warning: argument unused during compilation: '-nopie' [-Wunused-command-line-argument]
clang: warning: argument unused during compilation: '-nopie' [-Wunused-command-line-argument]
[ 4 of 15] Compiling Control.Comonad.Trans.Env ( src/Control/Comonad/Trans/Env.hs, dist/dist-sandbox-3b735470/build/Control/Comonad/Trans/Env.p_o )
clang: warning: argument unused during compilation: '-nopie' [-Wunused-command-line-argument]
clang: warning: argument unused during compilation: '-nopie' [-Wunused-command-line-argument]
[ 5 of 15] Compiling Control.Comonad.Trans.Identity ( src/Control/Comonad/Trans/Identity.hs, dist/dist-sandbox-3b735470/build/Control/Comonad/Trans/Identity.p_o )
clang: warning: argument unused during compilation: '-nopie' [-Wunused-command-line-argument]
clang: warning: argument unused during compilation: '-nopie' [-Wunused-command-line-argument]
[ 6 of 15] Compiling Control.Comonad.Identity ( src/Control/Comonad/Identity.hs, dist/dist-sandbox-3b735470/build/Control/Comonad/Identity.p_o )
clang: warning: argument unused during compilation: '-nopie' [-Wunused-command-line-argument]
clang: warning: argument unused during compilation: '-nopie' [-Wunused-command-line-argument]
[ 7 of 15] Compiling Control.Comonad.Trans.Store ( src/Control/Comonad/Trans/Store.hs, dist/dist-sandbox-3b735470/build/Control/Comonad/Trans/Store.p_o )
clang: warning: argument unused during compilation: '-nopie' [-Wunused-command-line-argument]
clang: warning: argument unused during compilation: '-nopie' [-Wunused-command-line-argument]
[ 8 of 15] Compiling Control.Comonad.Trans.Traced ( src/Control/Comonad/Trans/Traced.hs, dist/dist-sandbox-3b735470/build/Control/Comonad/Trans/Traced.p_o )
clang: warning: argument unused during compilation: '-nopie' [-Wunused-command-line-argument]
clang: warning: argument unused during compilation: '-nopie' [-Wunused-command-line-argument]
[ 9 of 15] Compiling Control.Comonad.Traced.Class ( src/Control/Comonad/Traced/Class.hs, dist/dist-sandbox-3b735470/build/Control/Comonad/Traced/Class.p_o )
clang: warning: argument unused during compilation: '-nopie' [-Wunused-command-line-argument]
clang: warning: argument unused during compilation: '-nopie' [-Wunused-command-line-argument]
[10 of 15] Compiling Control.Comonad.Traced ( src/Control/Comonad/Traced.hs, dist/dist-sandbox-3b735470/build/Control/Comonad/Traced.p_o )
clang: warning: argument unused during compilation: '-nopie' [-Wunused-command-line-argument]
clang: warning: argument unused during compilation: '-nopie' [-Wunused-command-line-argument]
[11 of 15] Compiling Control.Comonad.Store.Class ( src/Control/Comonad/Store/Class.hs, dist/dist-sandbox-3b735470/build/Control/Comonad/Store/Class.p_o )
clang: warning: argument unused during compilation: '-nopie' [-Wunused-command-line-argument]
clang: warning: argument unused during compilation: '-nopie' [-Wunused-command-line-argument]
[12 of 15] Compiling Control.Comonad.Store ( src/Control/Comonad/Store.hs, dist/dist-sandbox-3b735470/build/Control/Comonad/Store.p_o )
clang: warning: argument unused during compilation: '-nopie' [-Wunused-command-line-argument]
clang: warning: argument unused during compilation: '-nopie' [-Wunused-command-line-argument]
[13 of 15] Compiling Control.Comonad.Env.Class ( src/Control/Comonad/Env/Class.hs, dist/dist-sandbox-3b735470/build/Control/Comonad/Env/Class.p_o )
clang: warning: argument unused during compilation: '-nopie' [-Wunused-command-line-argument]
clang: warning: argument unused during compilation: '-nopie' [-Wunused-command-line-argument]
[14 of 15] Compiling Control.Comonad.Env ( src/Control/Comonad/Env.hs, dist/dist-sandbox-3b735470/build/Control/Comonad/Env.p_o )
clang: warning: argument unused during compilation: '-nopie' [-Wunused-command-line-argument]
clang: warning: argument unused during compilation: '-nopie' [-Wunused-command-line-argument]
[15 of 15] Compiling Data.Functor.Composition ( src/Data/Functor/Composition.hs, dist/dist-sandbox-3b735470/build/Data/Functor/Composition.p_o )
clang: warning: argument unused during compilation: '-nopie' [-Wunused-command-line-argument]
clang: warning: argument unused during compilation: '-nopie' [-Wunused-command-line-argument]
ignoring (possibly broken) abi-depends field for packages
Preprocessing library for comonad-5.0.4..
Running Haddock on library for comonad-5.0.4..
Haddock coverage:
 100% ( 22 / 22) in 'Control.Comonad'
  50% (  1 /  2) in 'Control.Comonad.Hoist.Class'
  Missing documentation for:
    ComonadHoist (src/Control/Comonad/Hoist/Class.hs:19)
  50% (  1 /  2) in 'Control.Comonad.Trans.Class'
  Missing documentation for:
    ComonadTrans (src/Control/Comonad/Trans/Class.hs:23)
  69% (  9 / 13) in 'Control.Comonad.Trans.Env'
  Missing documentation for:
    Env (src/Control/Comonad/Trans/Env.hs:135)
    runEnv (src/Control/Comonad/Trans/Env.hs:142)
    EnvT (src/Control/Comonad/Trans/Env.hs:136)
    runEnvT (src/Control/Comonad/Trans/Env.hs:145)
 100% (  2 /  2) in 'Control.Comonad.Trans.Identity'
 100% (  4 /  4) in 'Control.Comonad.Identity'
  73% ( 11 / 15) in 'Control.Comonad.Trans.Store'
  Missing documentation for:
    Store (src/Control/Comonad/Trans/Store.hs:120)
    runStore (src/Control/Comonad/Trans/Store.hs:126)
    StoreT (src/Control/Comonad/Trans/Store.hs:129)
    runStoreT (src/Control/Comonad/Trans/Store.hs:131)
  33% (  4 / 12) in 'Control.Comonad.Trans.Traced'
  Missing documentation for:
    Traced (src/Control/Comonad/Trans/Traced.hs:65)
    traced (src/Control/Comonad/Trans/Traced.hs:67)
    runTraced (src/Control/Comonad/Trans/Traced.hs:70)
    TracedT (src/Control/Comonad/Trans/Traced.hs:73)
    trace (src/Control/Comonad/Trans/Traced.hs:100)
    listen (src/Control/Comonad/Trans/Traced.hs:103)
    listens (src/Control/Comonad/Trans/Traced.hs:106)
    censor (src/Control/Comonad/Trans/Traced.hs:109)
  33% (  1 /  3) in 'Control.Comonad.Traced.Class'
  Missing documentation for:
    ComonadTraced (src/Control/Comonad/Traced/Class.hs:36)
    traces (src/Control/Comonad/Traced/Class.hs:39)
  57% (  8 / 14) in 'Control.Comonad.Traced'
  Missing documentation for:
    ComonadTraced (src/Control/Comonad/Traced/Class.hs:36)
    traces (src/Control/Comonad/Traced/Class.hs:39)
    Traced (src/Control/Comonad/Trans/Traced.hs:65)
    traced (src/Control/Comonad/Trans/Traced.hs:67)
    runTraced (src/Control/Comonad/Trans/Traced.hs:70)
    TracedT (src/Control/Comonad/Trans/Traced.hs:73)
  25% (  1 /  4) in 'Control.Comonad.Store.Class'
  Missing documentation for:
    ComonadStore (src/Control/Comonad/Store/Class.hs:37)
    lowerPos (src/Control/Comonad/Store/Class.hs:61)
    lowerPeek (src/Control/Comonad/Store/Class.hs:65)
  62% (  8 / 13) in 'Control.Comonad.Store'
  Missing documentation for:
    ComonadStore (src/Control/Comonad/Store/Class.hs:37)
    Store (src/Control/Comonad/Trans/Store.hs:120)
    runStore (src/Control/Comonad/Trans/Store.hs:126)
    StoreT (src/Control/Comonad/Trans/Store.hs:129)
    runStoreT (src/Control/Comonad/Trans/Store.hs:131)
  33% (  1 /  3) in 'Control.Comonad.Env.Class'
  Missing documentation for:
    ComonadEnv (src/Control/Comonad/Env/Class.hs:34)
    asks (src/Control/Comonad/Env/Class.hs:37)
  60% (  9 / 15) in 'Control.Comonad.Env'
  Missing documentation for:
    ComonadEnv (src/Control/Comonad/Env/Class.hs:34)
    asks (src/Control/Comonad/Env/Class.hs:37)
    Env (src/Control/Comonad/Trans/Env.hs:135)
    runEnv (src/Control/Comonad/Trans/Env.hs:142)
    EnvT (src/Control/Comonad/Trans/Env.hs:136)
    runEnvT (src/Control/Comonad/Trans/Env.hs:145)
  50% (  1 /  2) in 'Data.Functor.Composition'
  Missing documentation for:
    Module header
Warning: Control.Comonad: could not find link destinations for:
    P
Documentation created: dist/dist-sandbox-3b735470/doc/html/comonad/index.html
Installing library in /Users/rachelsunderland/Documents/BurgerStacker/.cabal-sandbox/lib/x86_64-osx-ghc-8.4.3/comonad-5.0.4-L6HwQTKSMJbBJcpc6uKBTa
cabal: Leaving directory '/var/folders/75/jx0_m1kn3h1b6grbfph404580000gn/T/cabal-tmp-71384/comonad-5.0.4'
