cabal: Entering directory '/var/folders/75/jx0_m1kn3h1b6grbfph404580000gn/T/cabal-tmp-57497/gloss-rendering-1.13.0.2'
Configuring gloss-rendering-1.13.0.2...
clang: warning: argument unused during compilation: '-nopie' [-Wunused-command-line-argument]
Preprocessing library for gloss-rendering-1.13.0.2..
Building library for gloss-rendering-1.13.0.2..
[1 of 9] Compiling Graphics.Gloss.Internals.Data.Color ( Graphics/Gloss/Internals/Data/Color.hs, dist/dist-sandbox-3b735470/build/Graphics/Gloss/Internals/Data/Color.o )
[2 of 9] Compiling Graphics.Gloss.Internals.Rendering.Bitmap ( Graphics/Gloss/Internals/Rendering/Bitmap.hs, dist/dist-sandbox-3b735470/build/Graphics/Gloss/Internals/Rendering/Bitmap.o )
[3 of 9] Compiling Graphics.Gloss.Internals.Data.Picture ( Graphics/Gloss/Internals/Data/Picture.hs, dist/dist-sandbox-3b735470/build/Graphics/Gloss/Internals/Data/Picture.o )
[4 of 9] Compiling Graphics.Gloss.Internals.Rendering.Color ( Graphics/Gloss/Internals/Rendering/Color.hs, dist/dist-sandbox-3b735470/build/Graphics/Gloss/Internals/Rendering/Color.o )
[5 of 9] Compiling Graphics.Gloss.Internals.Rendering.Common ( Graphics/Gloss/Internals/Rendering/Common.hs, dist/dist-sandbox-3b735470/build/Graphics/Gloss/Internals/Rendering/Common.o )
[6 of 9] Compiling Graphics.Gloss.Internals.Rendering.Circle ( Graphics/Gloss/Internals/Rendering/Circle.hs, dist/dist-sandbox-3b735470/build/Graphics/Gloss/Internals/Rendering/Circle.o )
[7 of 9] Compiling Graphics.Gloss.Internals.Rendering.State ( Graphics/Gloss/Internals/Rendering/State.hs, dist/dist-sandbox-3b735470/build/Graphics/Gloss/Internals/Rendering/State.o )
[8 of 9] Compiling Graphics.Gloss.Internals.Rendering.Picture ( Graphics/Gloss/Internals/Rendering/Picture.hs, dist/dist-sandbox-3b735470/build/Graphics/Gloss/Internals/Rendering/Picture.o )
[9 of 9] Compiling Graphics.Gloss.Rendering ( Graphics/Gloss/Rendering.hs, dist/dist-sandbox-3b735470/build/Graphics/Gloss/Rendering.o )
[1 of 9] Compiling Graphics.Gloss.Internals.Data.Color ( Graphics/Gloss/Internals/Data/Color.hs, dist/dist-sandbox-3b735470/build/Graphics/Gloss/Internals/Data/Color.p_o )
clang: warning: argument unused during compilation: '-nopie' [-Wunused-command-line-argument]
clang: warning: argument unused during compilation: '-nopie' [-Wunused-command-line-argument]
[2 of 9] Compiling Graphics.Gloss.Internals.Rendering.Bitmap ( Graphics/Gloss/Internals/Rendering/Bitmap.hs, dist/dist-sandbox-3b735470/build/Graphics/Gloss/Internals/Rendering/Bitmap.p_o )
clang: warning: argument unused during compilation: '-nopie' [-Wunused-command-line-argument]
clang: warning: argument unused during compilation: '-nopie' [-Wunused-command-line-argument]
[3 of 9] Compiling Graphics.Gloss.Internals.Data.Picture ( Graphics/Gloss/Internals/Data/Picture.hs, dist/dist-sandbox-3b735470/build/Graphics/Gloss/Internals/Data/Picture.p_o )
clang: warning: argument unused during compilation: '-nopie' [-Wunused-command-line-argument]
clang: warning: argument unused during compilation: '-nopie' [-Wunused-command-line-argument]
[4 of 9] Compiling Graphics.Gloss.Internals.Rendering.Color ( Graphics/Gloss/Internals/Rendering/Color.hs, dist/dist-sandbox-3b735470/build/Graphics/Gloss/Internals/Rendering/Color.p_o )
clang: warning: argument unused during compilation: '-nopie' [-Wunused-command-line-argument]
clang: warning: argument unused during compilation: '-nopie' [-Wunused-command-line-argument]
[5 of 9] Compiling Graphics.Gloss.Internals.Rendering.Common ( Graphics/Gloss/Internals/Rendering/Common.hs, dist/dist-sandbox-3b735470/build/Graphics/Gloss/Internals/Rendering/Common.p_o )
clang: warning: argument unused during compilation: '-nopie' [-Wunused-command-line-argument]
clang: warning: argument unused during compilation: '-nopie' [-Wunused-command-line-argument]
[6 of 9] Compiling Graphics.Gloss.Internals.Rendering.Circle ( Graphics/Gloss/Internals/Rendering/Circle.hs, dist/dist-sandbox-3b735470/build/Graphics/Gloss/Internals/Rendering/Circle.p_o )
clang: warning: argument unused during compilation: '-nopie' [-Wunused-command-line-argument]
clang: warning: argument unused during compilation: '-nopie' [-Wunused-command-line-argument]
[7 of 9] Compiling Graphics.Gloss.Internals.Rendering.State ( Graphics/Gloss/Internals/Rendering/State.hs, dist/dist-sandbox-3b735470/build/Graphics/Gloss/Internals/Rendering/State.p_o )
clang: warning: argument unused during compilation: '-nopie' [-Wunused-command-line-argument]
clang: warning: argument unused during compilation: '-nopie' [-Wunused-command-line-argument]
[8 of 9] Compiling Graphics.Gloss.Internals.Rendering.Picture ( Graphics/Gloss/Internals/Rendering/Picture.hs, dist/dist-sandbox-3b735470/build/Graphics/Gloss/Internals/Rendering/Picture.p_o )
clang: warning: argument unused during compilation: '-nopie' [-Wunused-command-line-argument]
clang: warning: argument unused during compilation: '-nopie' [-Wunused-command-line-argument]
[9 of 9] Compiling Graphics.Gloss.Rendering ( Graphics/Gloss/Rendering.hs, dist/dist-sandbox-3b735470/build/Graphics/Gloss/Rendering.p_o )
clang: warning: argument unused during compilation: '-nopie' [-Wunused-command-line-argument]
clang: warning: argument unused during compilation: '-nopie' [-Wunused-command-line-argument]
ignoring (possibly broken) abi-depends field for packages
Preprocessing library for gloss-rendering-1.13.0.2..
Running Haddock on library for gloss-rendering-1.13.0.2..
Haddock coverage:
  91% ( 32 / 35) in 'Graphics.Gloss.Rendering'
  Missing documentation for:
    Module header
    bitmapDataOfForeignPtr (Graphics/Gloss/Internals/Data/Picture.hs:147)
    bitmapDataOfByteString (Graphics/Gloss/Internals/Data/Picture.hs:165)
Documentation created:
dist/dist-sandbox-3b735470/doc/html/gloss-rendering/index.html
Installing library in /Users/rachelsunderland/Documents/BurgerStacker/.cabal-sandbox/lib/x86_64-osx-ghc-8.4.3/gloss-rendering-1.13.0.2-AETy1z53hc6KZBmK85Mztc
cabal: Leaving directory '/var/folders/75/jx0_m1kn3h1b6grbfph404580000gn/T/cabal-tmp-57497/gloss-rendering-1.13.0.2'
