cabal: Entering directory '/var/folders/75/jx0_m1kn3h1b6grbfph404580000gn/T/cabal-tmp-71384/integer-logarithms-1.0.2.2'
Configuring integer-logarithms-1.0.2.2...
clang: warning: argument unused during compilation: '-nopie' [-Wunused-command-line-argument]
Preprocessing library for integer-logarithms-1.0.2.2..
Building library for integer-logarithms-1.0.2.2..
[1 of 4] Compiling GHC.Integer.Logarithms.Compat ( src/GHC/Integer/Logarithms/Compat.hs, dist/dist-sandbox-3b735470/build/GHC/Integer/Logarithms/Compat.o )
[2 of 4] Compiling Math.NumberTheory.Logarithms ( src/Math/NumberTheory/Logarithms.hs, dist/dist-sandbox-3b735470/build/Math/NumberTheory/Logarithms.o )
[3 of 4] Compiling Math.NumberTheory.Powers.Integer ( src/Math/NumberTheory/Powers/Integer.hs, dist/dist-sandbox-3b735470/build/Math/NumberTheory/Powers/Integer.o )
[4 of 4] Compiling Math.NumberTheory.Powers.Natural ( src/Math/NumberTheory/Powers/Natural.hs, dist/dist-sandbox-3b735470/build/Math/NumberTheory/Powers/Natural.o )
[1 of 4] Compiling GHC.Integer.Logarithms.Compat ( src/GHC/Integer/Logarithms/Compat.hs, dist/dist-sandbox-3b735470/build/GHC/Integer/Logarithms/Compat.p_o )
clang: warning: argument unused during compilation: '-nopie' [-Wunused-command-line-argument]
clang: warning: argument unused during compilation: '-nopie' [-Wunused-command-line-argument]
[2 of 4] Compiling Math.NumberTheory.Logarithms ( src/Math/NumberTheory/Logarithms.hs, dist/dist-sandbox-3b735470/build/Math/NumberTheory/Logarithms.p_o )
clang: warning: argument unused during compilation: '-nopie' [-Wunused-command-line-argument]
clang: warning: argument unused during compilation: '-nopie' [-Wunused-command-line-argument]
[3 of 4] Compiling Math.NumberTheory.Powers.Integer ( src/Math/NumberTheory/Powers/Integer.hs, dist/dist-sandbox-3b735470/build/Math/NumberTheory/Powers/Integer.p_o )
clang: warning: argument unused during compilation: '-nopie' [-Wunused-command-line-argument]
clang: warning: argument unused during compilation: '-nopie' [-Wunused-command-line-argument]
[4 of 4] Compiling Math.NumberTheory.Powers.Natural ( src/Math/NumberTheory/Powers/Natural.hs, dist/dist-sandbox-3b735470/build/Math/NumberTheory/Powers/Natural.p_o )
clang: warning: argument unused during compilation: '-nopie' [-Wunused-command-line-argument]
clang: warning: argument unused during compilation: '-nopie' [-Wunused-command-line-argument]
ignoring (possibly broken) abi-depends field for packages
Preprocessing library for integer-logarithms-1.0.2.2..
Running Haddock on library for integer-logarithms-1.0.2.2..
Haddock coverage:
 100% (  5 /  5) in 'GHC.Integer.Logarithms.Compat'
 100% ( 17 / 17) in 'Math.NumberTheory.Logarithms'
 100% (  3 /  3) in 'Math.NumberTheory.Powers.Integer'
 100% (  3 /  3) in 'Math.NumberTheory.Powers.Natural'
Documentation created:
dist/dist-sandbox-3b735470/doc/html/integer-logarithms/index.html
Installing library in /Users/rachelsunderland/Documents/BurgerStacker/.cabal-sandbox/lib/x86_64-osx-ghc-8.4.3/integer-logarithms-1.0.2.2-5NWBguJdcui1fNVng5frMO
cabal: Leaving directory '/var/folders/75/jx0_m1kn3h1b6grbfph404580000gn/T/cabal-tmp-71384/integer-logarithms-1.0.2.2'
