cabal: Entering directory '/var/folders/75/jx0_m1kn3h1b6grbfph404580000gn/T/cabal-tmp-71382/profunctors-5.3'
Configuring profunctors-5.3...
clang: warning: argument unused during compilation: '-nopie' [-Wunused-command-line-argument]
Preprocessing library for profunctors-5.3..
Building library for profunctors-5.3..
[ 1 of 16] Compiling Data.Profunctor.Unsafe ( src/Data/Profunctor/Unsafe.hs, dist/dist-sandbox-3b735470/build/Data/Profunctor/Unsafe.o )
[ 2 of 16] Compiling Data.Profunctor.Types ( src/Data/Profunctor/Types.hs, dist/dist-sandbox-3b735470/build/Data/Profunctor/Types.o )
[ 3 of 16] Compiling Data.Profunctor.Monad ( src/Data/Profunctor/Monad.hs, dist/dist-sandbox-3b735470/build/Data/Profunctor/Monad.o )
[ 4 of 16] Compiling Data.Profunctor.Adjunction ( src/Data/Profunctor/Adjunction.hs, dist/dist-sandbox-3b735470/build/Data/Profunctor/Adjunction.o )
[ 5 of 16] Compiling Data.Profunctor.Strong ( src/Data/Profunctor/Strong.hs, dist/dist-sandbox-3b735470/build/Data/Profunctor/Strong.o )
[ 6 of 16] Compiling Data.Profunctor.Closed ( src/Data/Profunctor/Closed.hs, dist/dist-sandbox-3b735470/build/Data/Profunctor/Closed.o )
[ 7 of 16] Compiling Data.Profunctor.Choice ( src/Data/Profunctor/Choice.hs, dist/dist-sandbox-3b735470/build/Data/Profunctor/Choice.o )
[ 8 of 16] Compiling Data.Profunctor.Traversing ( src/Data/Profunctor/Traversing.hs, dist/dist-sandbox-3b735470/build/Data/Profunctor/Traversing.o )
[ 9 of 16] Compiling Data.Profunctor.Mapping ( src/Data/Profunctor/Mapping.hs, dist/dist-sandbox-3b735470/build/Data/Profunctor/Mapping.o )
[10 of 16] Compiling Data.Profunctor  ( src/Data/Profunctor.hs, dist/dist-sandbox-3b735470/build/Data/Profunctor.o )
[11 of 16] Compiling Data.Profunctor.Sieve ( src/Data/Profunctor/Sieve.hs, dist/dist-sandbox-3b735470/build/Data/Profunctor/Sieve.o )
[12 of 16] Compiling Data.Profunctor.Rep ( src/Data/Profunctor/Rep.hs, dist/dist-sandbox-3b735470/build/Data/Profunctor/Rep.o )
[13 of 16] Compiling Data.Profunctor.Composition ( src/Data/Profunctor/Composition.hs, dist/dist-sandbox-3b735470/build/Data/Profunctor/Composition.o )
[14 of 16] Compiling Data.Profunctor.Ran ( src/Data/Profunctor/Ran.hs, dist/dist-sandbox-3b735470/build/Data/Profunctor/Ran.o )
[15 of 16] Compiling Data.Profunctor.Cayley ( src/Data/Profunctor/Cayley.hs, dist/dist-sandbox-3b735470/build/Data/Profunctor/Cayley.o )
[16 of 16] Compiling Data.Profunctor.Yoneda ( src/Data/Profunctor/Yoneda.hs, dist/dist-sandbox-3b735470/build/Data/Profunctor/Yoneda.o )
[ 1 of 16] Compiling Data.Profunctor.Unsafe ( src/Data/Profunctor/Unsafe.hs, dist/dist-sandbox-3b735470/build/Data/Profunctor/Unsafe.p_o )
clang: warning: argument unused during compilation: '-nopie' [-Wunused-command-line-argument]
clang: warning: argument unused during compilation: '-nopie' [-Wunused-command-line-argument]
[ 2 of 16] Compiling Data.Profunctor.Types ( src/Data/Profunctor/Types.hs, dist/dist-sandbox-3b735470/build/Data/Profunctor/Types.p_o )
clang: warning: argument unused during compilation: '-nopie' [-Wunused-command-line-argument]
clang: warning: argument unused during compilation: '-nopie' [-Wunused-command-line-argument]
[ 3 of 16] Compiling Data.Profunctor.Monad ( src/Data/Profunctor/Monad.hs, dist/dist-sandbox-3b735470/build/Data/Profunctor/Monad.p_o )
clang: warning: argument unused during compilation: '-nopie' [-Wunused-command-line-argument]
clang: warning: argument unused during compilation: '-nopie' [-Wunused-command-line-argument]
[ 4 of 16] Compiling Data.Profunctor.Adjunction ( src/Data/Profunctor/Adjunction.hs, dist/dist-sandbox-3b735470/build/Data/Profunctor/Adjunction.p_o )
clang: warning: argument unused during compilation: '-nopie' [-Wunused-command-line-argument]
clang: warning: argument unused during compilation: '-nopie' [-Wunused-command-line-argument]
[ 5 of 16] Compiling Data.Profunctor.Strong ( src/Data/Profunctor/Strong.hs, dist/dist-sandbox-3b735470/build/Data/Profunctor/Strong.p_o )
clang: warning: argument unused during compilation: '-nopie' [-Wunused-command-line-argument]
clang: warning: argument unused during compilation: '-nopie' [-Wunused-command-line-argument]
[ 6 of 16] Compiling Data.Profunctor.Closed ( src/Data/Profunctor/Closed.hs, dist/dist-sandbox-3b735470/build/Data/Profunctor/Closed.p_o )
clang: warning: argument unused during compilation: '-nopie' [-Wunused-command-line-argument]
clang: warning: argument unused during compilation: '-nopie' [-Wunused-command-line-argument]
[ 7 of 16] Compiling Data.Profunctor.Choice ( src/Data/Profunctor/Choice.hs, dist/dist-sandbox-3b735470/build/Data/Profunctor/Choice.p_o )
clang: warning: argument unused during compilation: '-nopie' [-Wunused-command-line-argument]
clang: warning: argument unused during compilation: '-nopie' [-Wunused-command-line-argument]
[ 8 of 16] Compiling Data.Profunctor.Traversing ( src/Data/Profunctor/Traversing.hs, dist/dist-sandbox-3b735470/build/Data/Profunctor/Traversing.p_o )
clang: warning: argument unused during compilation: '-nopie' [-Wunused-command-line-argument]
clang: warning: argument unused during compilation: '-nopie' [-Wunused-command-line-argument]
[ 9 of 16] Compiling Data.Profunctor.Mapping ( src/Data/Profunctor/Mapping.hs, dist/dist-sandbox-3b735470/build/Data/Profunctor/Mapping.p_o )
clang: warning: argument unused during compilation: '-nopie' [-Wunused-command-line-argument]
clang: warning: argument unused during compilation: '-nopie' [-Wunused-command-line-argument]
[10 of 16] Compiling Data.Profunctor  ( src/Data/Profunctor.hs, dist/dist-sandbox-3b735470/build/Data/Profunctor.p_o )
clang: warning: argument unused during compilation: '-nopie' [-Wunused-command-line-argument]
clang: warning: argument unused during compilation: '-nopie' [-Wunused-command-line-argument]
[11 of 16] Compiling Data.Profunctor.Sieve ( src/Data/Profunctor/Sieve.hs, dist/dist-sandbox-3b735470/build/Data/Profunctor/Sieve.p_o )
clang: warning: argument unused during compilation: '-nopie' [-Wunused-command-line-argument]
clang: warning: argument unused during compilation: '-nopie' [-Wunused-command-line-argument]
[12 of 16] Compiling Data.Profunctor.Rep ( src/Data/Profunctor/Rep.hs, dist/dist-sandbox-3b735470/build/Data/Profunctor/Rep.p_o )
clang: warning: argument unused during compilation: '-nopie' [-Wunused-command-line-argument]
clang: warning: argument unused during compilation: '-nopie' [-Wunused-command-line-argument]
[13 of 16] Compiling Data.Profunctor.Composition ( src/Data/Profunctor/Composition.hs, dist/dist-sandbox-3b735470/build/Data/Profunctor/Composition.p_o )
clang: warning: argument unused during compilation: '-nopie' [-Wunused-command-line-argument]
clang: warning: argument unused during compilation: '-nopie' [-Wunused-command-line-argument]
[14 of 16] Compiling Data.Profunctor.Ran ( src/Data/Profunctor/Ran.hs, dist/dist-sandbox-3b735470/build/Data/Profunctor/Ran.p_o )
clang: warning: argument unused during compilation: '-nopie' [-Wunused-command-line-argument]
clang: warning: argument unused during compilation: '-nopie' [-Wunused-command-line-argument]
[15 of 16] Compiling Data.Profunctor.Cayley ( src/Data/Profunctor/Cayley.hs, dist/dist-sandbox-3b735470/build/Data/Profunctor/Cayley.p_o )
clang: warning: argument unused during compilation: '-nopie' [-Wunused-command-line-argument]
clang: warning: argument unused during compilation: '-nopie' [-Wunused-command-line-argument]
[16 of 16] Compiling Data.Profunctor.Yoneda ( src/Data/Profunctor/Yoneda.hs, dist/dist-sandbox-3b735470/build/Data/Profunctor/Yoneda.p_o )
clang: warning: argument unused during compilation: '-nopie' [-Wunused-command-line-argument]
clang: warning: argument unused during compilation: '-nopie' [-Wunused-command-line-argument]
ignoring (possibly broken) abi-depends field for packages
Preprocessing library for profunctors-5.3..
Running Haddock on library for profunctors-5.3..
Haddock coverage:
 100% (  3 /  3) in 'Data.Profunctor.Unsafe'
  71% (  5 /  7) in 'Data.Profunctor.Types'
  Missing documentation for:
    Forget (src/Data/Profunctor/Types.hs:196)
    :-> (src/Data/Profunctor/Types.hs:48)
  75% (  3 /  4) in 'Data.Profunctor.Monad'
  Missing documentation for:
    ProfunctorFunctor (src/Data/Profunctor/Monad.hs:22)
 100% (  2 /  2) in 'Data.Profunctor.Adjunction'
  94% ( 15 / 16) in 'Data.Profunctor.Strong'
  Missing documentation for:
    uncurry' (src/Data/Profunctor/Strong.hs:94)
  71% (  5 /  7) in 'Data.Profunctor.Closed'
  Missing documentation for:
    Environment (src/Data/Profunctor/Closed.hs:190)
    curry' (src/Data/Profunctor/Closed.hs:90)
  92% ( 12 / 13) in 'Data.Profunctor.Choice'
  Missing documentation for:
    Cochoice (src/Data/Profunctor/Choice.hs:291)
  57% (  8 / 14) in 'Data.Profunctor.Traversing'
  Missing documentation for:
    Module header
    CofreeTraversing (src/Data/Profunctor/Traversing.hs:139)
    firstTraversing (src/Data/Profunctor/Traversing.hs:40)
    secondTraversing (src/Data/Profunctor/Traversing.hs:43)
    leftTraversing (src/Data/Profunctor/Traversing.hs:64)
    rightTraversing (src/Data/Profunctor/Traversing.hs:67)
  43% (  3 /  7) in 'Data.Profunctor.Mapping'
  Missing documentation for:
    Mapping (src/Data/Profunctor/Mapping.hs:38)
    CofreeMapping (src/Data/Profunctor/Mapping.hs:64)
    traverseMapping (src/Data/Profunctor/Mapping.hs:58)
    closedMapping (src/Data/Profunctor/Mapping.hs:61)
  70% ( 14 / 20) in 'Data.Profunctor'
  Missing documentation for:
    uncurry' (src/Data/Profunctor/Strong.hs:94)
    curry' (src/Data/Profunctor/Closed.hs:90)
    Mapping (src/Data/Profunctor/Mapping.hs:38)
    Cochoice (src/Data/Profunctor/Choice.hs:291)
    Forget (src/Data/Profunctor/Types.hs:196)
    :-> (src/Data/Profunctor/Types.hs:48)
 100% (  3 /  3) in 'Data.Profunctor.Sieve'
  67% ( 16 / 24) in 'Data.Profunctor.Rep'
  Missing documentation for:
    prepAdj (src/Data/Profunctor/Rep.hs:197)
    unprepAdj (src/Data/Profunctor/Rep.hs:200)
    prepUnit (src/Data/Profunctor/Rep.hs:203)
    prepCounit (src/Data/Profunctor/Rep.hs:206)
    Coprep (src/Data/Profunctor/Rep.hs:213)
    uncoprepAdj (src/Data/Profunctor/Rep.hs:228)
    coprepUnit (src/Data/Profunctor/Rep.hs:231)
    coprepCounit (src/Data/Profunctor/Rep.hs:234)
  89% ( 17 / 19) in 'Data.Profunctor.Composition'
  Missing documentation for:
    procomposed (src/Data/Profunctor/Composition.hs:73)
    mu (src/Data/Profunctor/Composition.hs:296)
  50% (  4 /  8) in 'Data.Profunctor.Ran'
  Missing documentation for:
    precomposeRan (src/Data/Profunctor/Ran.hs:75)
    curryRan (src/Data/Profunctor/Ran.hs:79)
    uncurryRan (src/Data/Profunctor/Ran.hs:83)
    decomposeCodensity (src/Data/Profunctor/Ran.hs:116)
  33% (  1 /  3) in 'Data.Profunctor.Cayley'
  Missing documentation for:
    Cayley (src/Data/Profunctor/Cayley.hs:26)
    mapCayley (src/Data/Profunctor/Cayley.hs:82)
  86% (  6 /  7) in 'Data.Profunctor.Yoneda'
  Missing documentation for:
    Coyoneda (src/Data/Profunctor/Yoneda.hs:136)
Warning: Data.Profunctor.Rep: could not find link destinations for:
    Iso
Warning: Data.Profunctor.Composition: could not find link destinations for:
    Iso
Documentation created:
dist/dist-sandbox-3b735470/doc/html/profunctors/index.html
Installing library in /Users/rachelsunderland/Documents/BurgerStacker/.cabal-sandbox/lib/x86_64-osx-ghc-8.4.3/profunctors-5.3-Lhp954ILeOY9ujAD9ZGy0Q
cabal: Leaving directory '/var/folders/75/jx0_m1kn3h1b6grbfph404580000gn/T/cabal-tmp-71382/profunctors-5.3'
