cabal: Entering directory '/var/folders/75/jx0_m1kn3h1b6grbfph404580000gn/T/cabal-tmp-77183/QuickCheck-2.11.3'
Configuring QuickCheck-2.11.3...
clang: warning: argument unused during compilation: '-nopie' [-Wunused-command-line-argument]
Preprocessing library for QuickCheck-2.11.3..
Building library for QuickCheck-2.11.3..
[ 1 of 15] Compiling Test.QuickCheck.Exception ( Test/QuickCheck/Exception.hs, dist/dist-sandbox-3b735470/build/Test/QuickCheck/Exception.o )
[ 2 of 15] Compiling Test.QuickCheck.Random ( Test/QuickCheck/Random.hs, dist/dist-sandbox-3b735470/build/Test/QuickCheck/Random.o )
[ 3 of 15] Compiling Test.QuickCheck.Gen ( Test/QuickCheck/Gen.hs, dist/dist-sandbox-3b735470/build/Test/QuickCheck/Gen.o )
[ 4 of 15] Compiling Test.QuickCheck.Gen.Unsafe ( Test/QuickCheck/Gen/Unsafe.hs, dist/dist-sandbox-3b735470/build/Test/QuickCheck/Gen/Unsafe.o )
[ 5 of 15] Compiling Test.QuickCheck.Arbitrary ( Test/QuickCheck/Arbitrary.hs, dist/dist-sandbox-3b735470/build/Test/QuickCheck/Arbitrary.o )
[ 6 of 15] Compiling Test.QuickCheck.Poly ( Test/QuickCheck/Poly.hs, dist/dist-sandbox-3b735470/build/Test/QuickCheck/Poly.o )
[ 7 of 15] Compiling Test.QuickCheck.Modifiers ( Test/QuickCheck/Modifiers.hs, dist/dist-sandbox-3b735470/build/Test/QuickCheck/Modifiers.o )
[ 8 of 15] Compiling Test.QuickCheck.Function ( Test/QuickCheck/Function.hs, dist/dist-sandbox-3b735470/build/Test/QuickCheck/Function.o )
[ 9 of 15] Compiling Test.QuickCheck.Text ( Test/QuickCheck/Text.hs, dist/dist-sandbox-3b735470/build/Test/QuickCheck/Text.o )
[10 of 15] Compiling Test.QuickCheck.State ( Test/QuickCheck/State.hs, dist/dist-sandbox-3b735470/build/Test/QuickCheck/State.o )
[11 of 15] Compiling Test.QuickCheck.Property ( Test/QuickCheck/Property.hs, dist/dist-sandbox-3b735470/build/Test/QuickCheck/Property.o )
[12 of 15] Compiling Test.QuickCheck.Test ( Test/QuickCheck/Test.hs, dist/dist-sandbox-3b735470/build/Test/QuickCheck/Test.o )
[13 of 15] Compiling Test.QuickCheck.Monadic ( Test/QuickCheck/Monadic.hs, dist/dist-sandbox-3b735470/build/Test/QuickCheck/Monadic.o )
[14 of 15] Compiling Test.QuickCheck.All ( Test/QuickCheck/All.hs, dist/dist-sandbox-3b735470/build/Test/QuickCheck/All.o )
[15 of 15] Compiling Test.QuickCheck  ( Test/QuickCheck.hs, dist/dist-sandbox-3b735470/build/Test/QuickCheck.o )
[ 1 of 15] Compiling Test.QuickCheck.Exception ( Test/QuickCheck/Exception.hs, dist/dist-sandbox-3b735470/build/Test/QuickCheck/Exception.p_o )
clang: warning: argument unused during compilation: '-nopie' [-Wunused-command-line-argument]
clang: warning: argument unused during compilation: '-nopie' [-Wunused-command-line-argument]
[ 2 of 15] Compiling Test.QuickCheck.Random ( Test/QuickCheck/Random.hs, dist/dist-sandbox-3b735470/build/Test/QuickCheck/Random.p_o )
clang: warning: argument unused during compilation: '-nopie' [-Wunused-command-line-argument]
clang: warning: argument unused during compilation: '-nopie' [-Wunused-command-line-argument]
[ 3 of 15] Compiling Test.QuickCheck.Gen ( Test/QuickCheck/Gen.hs, dist/dist-sandbox-3b735470/build/Test/QuickCheck/Gen.p_o )
clang: warning: argument unused during compilation: '-nopie' [-Wunused-command-line-argument]
clang: warning: argument unused during compilation: '-nopie' [-Wunused-command-line-argument]
[ 4 of 15] Compiling Test.QuickCheck.Gen.Unsafe ( Test/QuickCheck/Gen/Unsafe.hs, dist/dist-sandbox-3b735470/build/Test/QuickCheck/Gen/Unsafe.p_o )
clang: warning: argument unused during compilation: '-nopie' [-Wunused-command-line-argument]
clang: warning: argument unused during compilation: '-nopie' [-Wunused-command-line-argument]
[ 5 of 15] Compiling Test.QuickCheck.Arbitrary ( Test/QuickCheck/Arbitrary.hs, dist/dist-sandbox-3b735470/build/Test/QuickCheck/Arbitrary.p_o )
clang: warning: argument unused during compilation: '-nopie' [-Wunused-command-line-argument]
clang: warning: argument unused during compilation: '-nopie' [-Wunused-command-line-argument]
[ 6 of 15] Compiling Test.QuickCheck.Poly ( Test/QuickCheck/Poly.hs, dist/dist-sandbox-3b735470/build/Test/QuickCheck/Poly.p_o )
clang: warning: argument unused during compilation: '-nopie' [-Wunused-command-line-argument]
clang: warning: argument unused during compilation: '-nopie' [-Wunused-command-line-argument]
[ 7 of 15] Compiling Test.QuickCheck.Modifiers ( Test/QuickCheck/Modifiers.hs, dist/dist-sandbox-3b735470/build/Test/QuickCheck/Modifiers.p_o )
clang: warning: argument unused during compilation: '-nopie' [-Wunused-command-line-argument]
clang: warning: argument unused during compilation: '-nopie' [-Wunused-command-line-argument]
[ 8 of 15] Compiling Test.QuickCheck.Function ( Test/QuickCheck/Function.hs, dist/dist-sandbox-3b735470/build/Test/QuickCheck/Function.p_o )
clang: warning: argument unused during compilation: '-nopie' [-Wunused-command-line-argument]
clang: warning: argument unused during compilation: '-nopie' [-Wunused-command-line-argument]
[ 9 of 15] Compiling Test.QuickCheck.Text ( Test/QuickCheck/Text.hs, dist/dist-sandbox-3b735470/build/Test/QuickCheck/Text.p_o )
clang: warning: argument unused during compilation: '-nopie' [-Wunused-command-line-argument]
clang: warning: argument unused during compilation: '-nopie' [-Wunused-command-line-argument]
[10 of 15] Compiling Test.QuickCheck.State ( Test/QuickCheck/State.hs, dist/dist-sandbox-3b735470/build/Test/QuickCheck/State.p_o )
clang: warning: argument unused during compilation: '-nopie' [-Wunused-command-line-argument]
clang: warning: argument unused during compilation: '-nopie' [-Wunused-command-line-argument]
[11 of 15] Compiling Test.QuickCheck.Property ( Test/QuickCheck/Property.hs, dist/dist-sandbox-3b735470/build/Test/QuickCheck/Property.p_o )
clang: warning: argument unused during compilation: '-nopie' [-Wunused-command-line-argument]
clang: warning: argument unused during compilation: '-nopie' [-Wunused-command-line-argument]
[12 of 15] Compiling Test.QuickCheck.Test ( Test/QuickCheck/Test.hs, dist/dist-sandbox-3b735470/build/Test/QuickCheck/Test.p_o )
clang: warning: argument unused during compilation: '-nopie' [-Wunused-command-line-argument]
clang: warning: argument unused during compilation: '-nopie' [-Wunused-command-line-argument]
[13 of 15] Compiling Test.QuickCheck.Monadic ( Test/QuickCheck/Monadic.hs, dist/dist-sandbox-3b735470/build/Test/QuickCheck/Monadic.p_o )
clang: warning: argument unused during compilation: '-nopie' [-Wunused-command-line-argument]
clang: warning: argument unused during compilation: '-nopie' [-Wunused-command-line-argument]
[14 of 15] Compiling Test.QuickCheck.All ( Test/QuickCheck/All.hs, dist/dist-sandbox-3b735470/build/Test/QuickCheck/All.p_o )
clang: warning: argument unused during compilation: '-nopie' [-Wunused-command-line-argument]
clang: warning: argument unused during compilation: '-nopie' [-Wunused-command-line-argument]
[15 of 15] Compiling Test.QuickCheck  ( Test/QuickCheck.hs, dist/dist-sandbox-3b735470/build/Test/QuickCheck.p_o )
clang: warning: argument unused during compilation: '-nopie' [-Wunused-command-line-argument]
clang: warning: argument unused during compilation: '-nopie' [-Wunused-command-line-argument]
ignoring (possibly broken) abi-depends field for packages
Preprocessing library for QuickCheck-2.11.3..
Running Haddock on library for QuickCheck-2.11.3..
Haddock coverage:
  33% (  3 /  9) in 'Test.QuickCheck.Exception'
  Missing documentation for:
    AnException (Test/QuickCheck/Exception.hs:23)
    tryEvaluate (Test/QuickCheck/Exception.hs:55)
    tryEvaluateIO (Test/QuickCheck/Exception.hs:58)
    evaluate (Test/QuickCheck/Exception.hs:74)
    isDiscard (Test/QuickCheck/Exception.hs:93)
    finally (Test/QuickCheck/Exception.hs:108)
  12% (  2 / 17) in 'Test.QuickCheck.Random'
  Missing documentation for:
    newTheGen (Test/QuickCheck/Random.hs:17)
    bits (Test/QuickCheck/Random.hs:20)
    mask (Test/QuickCheck/Random.hs:20)
    doneBit (Test/QuickCheck/Random.hs:20)
    chip (Test/QuickCheck/Random.hs:25)
    chop (Test/QuickCheck/Random.hs:30)
    stop (Test/QuickCheck/Random.hs:33)
    mkTheGen (Test/QuickCheck/Random.hs:36)
    newQCGen (Test/QuickCheck/Random.hs:79)
    mkQCGen (Test/QuickCheck/Random.hs:82)
    bigNatVariant (Test/QuickCheck/Random.hs:85)
    natVariant (Test/QuickCheck/Random.hs:91)
    variantTheGen (Test/QuickCheck/Random.hs:97)
    boolVariant (Test/QuickCheck/Random.hs:103)
    variantQCGen (Test/QuickCheck/Random.hs:107)
 100% ( 28 / 28) in 'Test.QuickCheck.Gen'
  80% (  4 /  5) in 'Test.QuickCheck.Gen.Unsafe'
  Missing documentation for:
    Capture (Test/QuickCheck/Gen/Unsafe.hs:53)
  91% ( 43 / 47) in 'Test.QuickCheck.Arbitrary'
  Missing documentation for:
    arbitrary1 (Test/QuickCheck/Arbitrary.hs:273)
    shrink1 (Test/QuickCheck/Arbitrary.hs:276)
    arbitrary2 (Test/QuickCheck/Arbitrary.hs:285)
    shrink2 (Test/QuickCheck/Arbitrary.hs:288)
  14% (  1 /  7) in 'Test.QuickCheck.Poly'
  Missing documentation for:
    A (Test/QuickCheck/Poly.hs:29)
    B (Test/QuickCheck/Poly.hs:44)
    C (Test/QuickCheck/Poly.hs:59)
    OrdA (Test/QuickCheck/Poly.hs:77)
    OrdB (Test/QuickCheck/Poly.hs:112)
    OrdC (Test/QuickCheck/Poly.hs:146)
  95% ( 18 / 19) in 'Test.QuickCheck.Modifiers'
  Missing documentation for:
    ShrinkState (Test/QuickCheck/Modifiers.hs:423)
 100% ( 16 / 16) in 'Test.QuickCheck.Function'
   6% (  1 / 18) in 'Test.QuickCheck.Text'
  Missing documentation for:
    Str (Test/QuickCheck/Text.hs:46)
    ranges (Test/QuickCheck/Text.hs:51)
    number (Test/QuickCheck/Text.hs:59)
    short (Test/QuickCheck/Text.hs:62)
    showErr (Test/QuickCheck/Text.hs:70)
    oneLine (Test/QuickCheck/Text.hs:73)
    isOneLine (Test/QuickCheck/Text.hs:76)
    bold (Test/QuickCheck/Text.hs:79)
    newTerminal (Test/QuickCheck/Text.hs:90)
    withStdioTerminal (Test/QuickCheck/Text.hs:104)
    withNullTerminal (Test/QuickCheck/Text.hs:110)
    terminalOutput (Test/QuickCheck/Text.hs:114)
    handle (Test/QuickCheck/Text.hs:117)
    Terminal (Test/QuickCheck/Text.hs:87)
    putTemp (Test/QuickCheck/Text.hs:122)
    putPart (Test/QuickCheck/Text.hs:122)
    putLine (Test/QuickCheck/Text.hs:122)
 100% (  2 /  2) in 'Test.QuickCheck.State'
  72% ( 47 / 65) in 'Test.QuickCheck.Property'
  Missing documentation for:
    protect (Test/QuickCheck/Property.hs:144)
    Prop (Test/QuickCheck/Property.hs:150)
    Rose (Test/QuickCheck/Property.hs:154)
    ioRose (Test/QuickCheck/Property.hs:157)
    joinRose (Test/QuickCheck/Property.hs:160)
    CallbackKind (Test/QuickCheck/Property.hs:213)
    exception (Test/QuickCheck/Property.hs:231)
    formatException (Test/QuickCheck/Property.hs:237)
    protectResult (Test/QuickCheck/Property.hs:242)
    succeeded (Test/QuickCheck/Property.hs:245)
    failed (Test/QuickCheck/Property.hs:245)
    rejected (Test/QuickCheck/Property.hs:245)
    liftBool (Test/QuickCheck/Property.hs:268)
    mapResult (Test/QuickCheck/Property.hs:272)
    mapTotalResult (Test/QuickCheck/Property.hs:275)
    mapRoseResult (Test/QuickCheck/Property.hs:279)
    mapProp (Test/QuickCheck/Property.hs:282)
    showCounterexample (Test/QuickCheck/Property.hs:320)
  42% ( 14 / 33) in 'Test.QuickCheck.Test'
  Missing documentation for:
    test (Test/QuickCheck/Test.hs:208)
    doneTesting (Test/QuickCheck/Test.hs:217)
    giveUp (Test/QuickCheck/Test.hs:247)
    runATest (Test/QuickCheck/Test.hs:263)
    failureSummary (Test/QuickCheck/Test.hs:330)
    failureReason (Test/QuickCheck/Test.hs:333)
    failureSummaryAndReason (Test/QuickCheck/Test.hs:336)
    summary (Test/QuickCheck/Test.hs:370)
    success (Test/QuickCheck/Test.hs:383)
    formatLabel (Test/QuickCheck/Test.hs:402)
    labelCount (Test/QuickCheck/Test.hs:417)
    percentage (Test/QuickCheck/Test.hs:423)
    insufficientlyCovered (Test/QuickCheck/Test.hs:427)
    foundFailure (Test/QuickCheck/Test.hs:437)
    localMin (Test/QuickCheck/Test.hs:441)
    localMin' (Test/QuickCheck/Test.hs:460)
    localMinFound (Test/QuickCheck/Test.hs:472)
    callbackPostTest (Test/QuickCheck/Test.hs:483)
    callbackPostFinalFailure (Test/QuickCheck/Test.hs:488)
  78% ( 14 / 18) in 'Test.QuickCheck.Monadic'
  Missing documentation for:
    stop (Test/QuickCheck/Monadic.hs:141)
    monadic (Test/QuickCheck/Monadic.hs:227)
    monadic' (Test/QuickCheck/Monadic.hs:230)
    runSTGen (Test/QuickCheck/Monadic.hs:269)
 100% ( 10 / 10) in 'Test.QuickCheck.All'
  97% (157 /162) in 'Test.QuickCheck'
  Missing documentation for:
    arbitrary1 (Test/QuickCheck/Arbitrary.hs:273)
    shrink1 (Test/QuickCheck/Arbitrary.hs:276)
    arbitrary2 (Test/QuickCheck/Arbitrary.hs:285)
    shrink2 (Test/QuickCheck/Arbitrary.hs:288)
    ShrinkState (Test/QuickCheck/Modifiers.hs:423)
Warning: Test.QuickCheck.Arbitrary: could not find link destinations for:
    GCoArbitrary RecursivelyShrink GSubterms gSubterms gSubtermsIncl
Warning: Test.QuickCheck.Modifiers: could not find link destinations for:
    InfiniteListInternalData unsafeIndex unsafeRangeSize
Warning: Test.QuickCheck.Function: could not find link destinations for:
    Shrunk GFunction
Warning: Test.QuickCheck: could not find link destinations for:
    GCoArbitrary RecursivelyShrink GSubterms InfiniteListInternalData unsafeIndex unsafeRangeSize Shrunk GFunction
Documentation created:
dist/dist-sandbox-3b735470/doc/html/QuickCheck/index.html
Installing library in /Users/rachelsunderland/Documents/BurgerStacker/.cabal-sandbox/lib/x86_64-osx-ghc-8.4.3/QuickCheck-2.11.3-58QsvdIMmwDDNaUIIDmLAr
cabal: Leaving directory '/var/folders/75/jx0_m1kn3h1b6grbfph404580000gn/T/cabal-tmp-77183/QuickCheck-2.11.3'
