cabal: Entering directory '/var/folders/75/jx0_m1kn3h1b6grbfph404580000gn/T/cabal-tmp-71385/semigroups-0.18.5'
Configuring semigroups-0.18.5...
clang: warning: argument unused during compilation: '-nopie' [-Wunused-command-line-argument]
Preprocessing library for semigroups-0.18.5..
Building library for semigroups-0.18.5..
[1 of 1] Compiling Data.Semigroup.Generic ( src/Data/Semigroup/Generic.hs, dist/dist-sandbox-3b735470/build/Data/Semigroup/Generic.o )
[1 of 1] Compiling Data.Semigroup.Generic ( src/Data/Semigroup/Generic.hs, dist/dist-sandbox-3b735470/build/Data/Semigroup/Generic.p_o )
clang: warning: argument unused during compilation: '-nopie' [-Wunused-command-line-argument]
clang: warning: argument unused during compilation: '-nopie' [-Wunused-command-line-argument]
ignoring (possibly broken) abi-depends field for packages
Preprocessing library for semigroups-0.18.5..
Running Haddock on library for semigroups-0.18.5..
Haddock coverage:
  60% (  3 /  5) in 'Data.Semigroup.Generic'
  Missing documentation for:
    GSemigroup (src/Data/Semigroup/Generic.hs:46)
    GMonoid (src/Data/Semigroup/Generic.hs:76)
Warning: Data.Semigroup.Generic: could not find link destinations for:
    gmappend' gmempty'
Documentation created:
dist/dist-sandbox-3b735470/doc/html/semigroups/index.html
Installing library in /Users/rachelsunderland/Documents/BurgerStacker/.cabal-sandbox/lib/x86_64-osx-ghc-8.4.3/semigroups-0.18.5-4wF7shTUk7yAIO0TM2pGdy
cabal: Leaving directory '/var/folders/75/jx0_m1kn3h1b6grbfph404580000gn/T/cabal-tmp-71385/semigroups-0.18.5'
