cabal: Entering directory '/var/folders/75/jx0_m1kn3h1b6grbfph404580000gn/T/cabal-tmp-69620/zlib-0.6.2'
Configuring zlib-0.6.2...
clang: warning: argument unused during compilation: '-nopie' [-Wunused-command-line-argument]
Preprocessing library for zlib-0.6.2..
Building library for zlib-0.6.2..
[1 of 5] Compiling Codec.Compression.Zlib.Stream ( dist/dist-sandbox-3b735470/build/Codec/Compression/Zlib/Stream.hs, dist/dist-sandbox-3b735470/build/Codec/Compression/Zlib/Stream.o )
clang: warning: argument unused during compilation: '-nopie' [-Wunused-command-line-argument]
clang: warning: argument unused during compilation: '-nopie' [-Wunused-command-line-argument]
clang: warning: argument unused during compilation: '-nopie' [-Wunused-command-line-argument]
clang: warning: argument unused during compilation: '-nopie' [-Wunused-command-line-argument]
[2 of 5] Compiling Codec.Compression.Zlib.Internal ( Codec/Compression/Zlib/Internal.hs, dist/dist-sandbox-3b735470/build/Codec/Compression/Zlib/Internal.o )
[3 of 5] Compiling Codec.Compression.Zlib.Raw ( Codec/Compression/Zlib/Raw.hs, dist/dist-sandbox-3b735470/build/Codec/Compression/Zlib/Raw.o )
[4 of 5] Compiling Codec.Compression.Zlib ( Codec/Compression/Zlib.hs, dist/dist-sandbox-3b735470/build/Codec/Compression/Zlib.o )
[5 of 5] Compiling Codec.Compression.GZip ( Codec/Compression/GZip.hs, dist/dist-sandbox-3b735470/build/Codec/Compression/GZip.o )
[1 of 5] Compiling Codec.Compression.Zlib.Stream ( dist/dist-sandbox-3b735470/build/Codec/Compression/Zlib/Stream.hs, dist/dist-sandbox-3b735470/build/Codec/Compression/Zlib/Stream.p_o )
clang: warning: argument unused during compilation: '-nopie' [-Wunused-command-line-argument]
clang: warning: argument unused during compilation: '-nopie' [-Wunused-command-line-argument]
[2 of 5] Compiling Codec.Compression.Zlib.Internal ( Codec/Compression/Zlib/Internal.hs, dist/dist-sandbox-3b735470/build/Codec/Compression/Zlib/Internal.p_o )
clang: warning: argument unused during compilation: '-nopie' [-Wunused-command-line-argument]
clang: warning: argument unused during compilation: '-nopie' [-Wunused-command-line-argument]
[3 of 5] Compiling Codec.Compression.Zlib.Raw ( Codec/Compression/Zlib/Raw.hs, dist/dist-sandbox-3b735470/build/Codec/Compression/Zlib/Raw.p_o )
clang: warning: argument unused during compilation: '-nopie' [-Wunused-command-line-argument]
clang: warning: argument unused during compilation: '-nopie' [-Wunused-command-line-argument]
[4 of 5] Compiling Codec.Compression.Zlib ( Codec/Compression/Zlib.hs, dist/dist-sandbox-3b735470/build/Codec/Compression/Zlib.p_o )
clang: warning: argument unused during compilation: '-nopie' [-Wunused-command-line-argument]
clang: warning: argument unused during compilation: '-nopie' [-Wunused-command-line-argument]
[5 of 5] Compiling Codec.Compression.GZip ( Codec/Compression/GZip.hs, dist/dist-sandbox-3b735470/build/Codec/Compression/GZip.p_o )
clang: warning: argument unused during compilation: '-nopie' [-Wunused-command-line-argument]
clang: warning: argument unused during compilation: '-nopie' [-Wunused-command-line-argument]
ignoring (possibly broken) abi-depends field for packages
Preprocessing library for zlib-0.6.2..
Running Haddock on library for zlib-0.6.2..
Haddock coverage:
 100% ( 51 / 51) in 'Codec.Compression.Zlib.Internal'
  88% ( 28 / 32) in 'Codec.Compression.Zlib.Raw'
  Missing documentation for:
    compress (Codec/Compression/Zlib/Raw.hs:64)
    decompress (Codec/Compression/Zlib/Raw.hs:58)
    compressWith (Codec/Compression/Zlib/Raw.hs:67)
    decompressWith (Codec/Compression/Zlib/Raw.hs:61)
 100% ( 33 / 33) in 'Codec.Compression.Zlib'
 100% ( 33 / 33) in 'Codec.Compression.GZip'
Documentation created: dist/dist-sandbox-3b735470/doc/html/zlib/index.html
Installing library in /Users/rachelsunderland/Documents/BurgerStacker/.cabal-sandbox/lib/x86_64-osx-ghc-8.4.3/zlib-0.6.2-5t89gesQUWsKgPz4IjNOwP
cabal: Leaving directory '/var/folders/75/jx0_m1kn3h1b6grbfph404580000gn/T/cabal-tmp-69620/zlib-0.6.2'
